<?xml version="1.0" encoding="UTF-8" ?>
<testsuite tests="5" failures="5" name="textos.textoTest" time="0.022" errors="0" skipped="0">
  <properties>
[...]
</properties>
  <testcase classname="textos.textoTest" name="textos.textoTest.testClone" time="0.021">
    <failure message="expected: &lt;null&gt; but was: &lt;textos.texto@45fe3ee3&gt;" type="org.opentest4j.AssertionFailedError">org.opentest4j.AssertionFailedError: expected: &lt;null&gt; but was: &lt;textos.texto@45fe3ee3&gt;
	at org.junit.jupiter.api.AssertionUtils.fail(AssertionUtils.java:54)
	at org.junit.jupiter.api.AssertEquals.failNotEqual(AssertEquals.java:195)
	at org.junit.jupiter.api.AssertEquals.assertEquals(AssertEquals.java:184)
	at org.junit.jupiter.api.AssertEquals.assertEquals(AssertEquals.java:179)
	at org.junit.jupiter.api.Assertions.assertEquals(Assertions.java:508)
	at textos.textoTest.testClone(textoTest.java:52)
</failure>
    <system-out>clone
</system-out>
  </testcase>
  <testcase classname="textos.textoTest" name="textos.textoTest.testGetTamanho" time="0">
    <failure message="The test case is a prototype." type="org.opentest4j.AssertionFailedError">org.opentest4j.AssertionFailedError: The test case is a prototype.
	at org.junit.jupiter.api.AssertionUtils.fail(AssertionUtils.java:38)
	at org.junit.jupiter.api.Assertions.fail(Assertions.java:84)
	at textos.textoTest.testGetTamanho(textoTest.java:68)
</failure>
    <system-out>getTamanho
</system-out>
  </testcase>
  <testcase classname="textos.textoTest" name="textos.textoTest.testInsert" time="0">
    <failure message="The test case is a prototype." type="org.opentest4j.AssertionFailedError">org.opentest4j.AssertionFailedError: The test case is a prototype.
	at org.junit.jupiter.api.AssertionUtils.fail(AssertionUtils.java:38)
	at org.junit.jupiter.api.Assertions.fail(Assertions.java:84)
	at textos.textoTest.testInsert(textoTest.java:84)
</failure>
    <system-out>insert
</system-out>
  </testcase>
  <testcase classname="textos.textoTest" name="textos.textoTest.testRemove" time="0.001">
    <failure message="The test case is a prototype." type="org.opentest4j.AssertionFailedError">org.opentest4j.AssertionFailedError: The test case is a prototype.
	at org.junit.jupiter.api.AssertionUtils.fail(AssertionUtils.java:38)
	at org.junit.jupiter.api.Assertions.fail(Assertions.java:84)
	at textos.textoTest.testRemove(textoTest.java:100)
</failure>
    <system-out>remove
</system-out>
  </testcase>
  <testcase classname="textos.textoTest" name="textos.textoTest.testPrint" time="0">
    <failure message="The test case is a prototype." type="org.opentest4j.AssertionFailedError">org.opentest4j.AssertionFailedError: The test case is a prototype.
	at org.junit.jupiter.api.AssertionUtils.fail(AssertionUtils.java:38)
	at org.junit.jupiter.api.Assertions.fail(Assertions.java:84)
	at textos.textoTest.testPrint(textoTest.java:112)
</failure>
    <system-out>print
Texto:

</system-out>
  </testcase>
</testsuite>